[2013-07-24 10:33:23] request.ERROR: Uncaught PHP Exception Symfony\Component\HttpKernel\Exception\NotFoundHttpException: "No route found for "GET /lkol"" at C:\wamp\www\PC_Direct\vendor\symfony\symfony\src\Symfony\Component\HttpKernel\EventListener\RouterListener.php line 94 [] []
[2013-07-24 10:46:18] request.ERROR: Uncaught PHP Exception Symfony\Component\HttpKernel\Exception\NotFoundHttpException: "No route found for "GET /lkol"" at C:\wamp\www\PC_Direct\app\cache\prod\classes.php line 3587 [] []
[2013-07-24 10:46:25] request.ERROR: Uncaught PHP Exception Symfony\Component\HttpKernel\Exception\NotFoundHttpException: "No route found for "GET /lol"" at C:\wamp\www\PC_Direct\app\cache\prod\classes.php line 3587 [] []
[2013-07-24 10:46:57] request.ERROR: Uncaught PHP Exception Symfony\Component\HttpKernel\Exception\NotFoundHttpException: "No route found for "GET /lol"" at C:\wamp\www\PC_Direct\app\cache\prod\classes.php line 3587 [] []
[2013-07-24 12:26:45] request.ERROR: Uncaught PHP Exception Symfony\Component\HttpKernel\Exception\NotFoundHttpException: "No route found for "GET /lol"" at C:\wamp\www\PC_Direct\app\cache\prod\classes.php line 3587 [] []
[2013-07-24 13:47:09] request.ERROR: Uncaught PHP Exception Symfony\Component\HttpKernel\Exception\NotFoundHttpException: "No route found for "GET /lol"" at C:\wamp\www\PC_Direct\app\cache\prod\classes.php line 3587 [] []
[2013-07-24 13:47:48] request.ERROR: Uncaught PHP Exception Symfony\Component\HttpKernel\Exception\NotFoundHttpException: "No route found for "GET /lol"" at C:\wamp\www\PC_Direct\app\cache\prod\classes.php line 3587 [] []
[2013-07-24 13:47:51] request.ERROR: Uncaught PHP Exception Symfony\Component\HttpKernel\Exception\NotFoundHttpException: "No route found for "GET /lo"" at C:\wamp\www\PC_Direct\app\cache\prod\classes.php line 3587 [] []
[2013-07-24 13:48:37] request.ERROR: Uncaught PHP Exception Symfony\Component\HttpKernel\Exception\NotFoundHttpException: "No route found for "GET /lo"" at C:\wamp\www\PC_Direct\app\cache\prod\classes.php line 3587 [] []
[2013-07-24 13:48:40] request.ERROR: Uncaught PHP Exception Symfony\Component\HttpKernel\Exception\NotFoundHttpException: "No route found for "GET /lo"" at C:\wamp\www\PC_Direct\app\cache\prod\classes.php line 3587 [] []
[2013-07-24 13:49:22] request.ERROR: Uncaught PHP Exception Symfony\Component\HttpKernel\Exception\NotFoundHttpException: "No route found for "GET /lo"" at C:\wamp\www\PC_Direct\app\cache\prod\classes.php line 3587 [] []
[2013-07-24 13:49:55] request.ERROR: Uncaught PHP Exception Symfony\Component\HttpKernel\Exception\NotFoundHttpException: "No route found for "GET /lo"" at C:\wamp\www\PC_Direct\app\cache\prod\classes.php line 3587 [] []
[2013-07-24 13:49:58] request.ERROR: Uncaught PHP Exception Symfony\Component\HttpKernel\Exception\NotFoundHttpException: "No route found for "GET /lol"" at C:\wamp\www\PC_Direct\app\cache\prod\classes.php line 3587 [] []
[2013-07-24 13:50:24] request.ERROR: Uncaught PHP Exception Symfony\Component\HttpKernel\Exception\NotFoundHttpException: "No route found for "GET /lol"" at C:\wamp\www\PC_Direct\app\cache\prod\classes.php line 3587 [] []
[2013-07-24 13:50:25] request.ERROR: Uncaught PHP Exception Symfony\Component\HttpKernel\Exception\NotFoundHttpException: "No route found for "GET /lol"" at C:\wamp\www\PC_Direct\app\cache\prod\classes.php line 3587 [] []
[2013-07-24 13:50:25] request.ERROR: Uncaught PHP Exception Symfony\Component\HttpKernel\Exception\NotFoundHttpException: "No route found for "GET /lol"" at C:\wamp\www\PC_Direct\app\cache\prod\classes.php line 3587 [] []
[2013-07-24 13:50:52] request.ERROR: Uncaught PHP Exception Symfony\Component\HttpKernel\Exception\NotFoundHttpException: "No route found for "GET /lol"" at C:\wamp\www\PC_Direct\app\cache\prod\classes.php line 3587 [] []
[2013-07-24 13:50:53] request.ERROR: Uncaught PHP Exception Symfony\Component\HttpKernel\Exception\NotFoundHttpException: "No route found for "GET /lol"" at C:\wamp\www\PC_Direct\app\cache\prod\classes.php line 3587 [] []
[2013-07-24 13:50:54] request.ERROR: Uncaught PHP Exception Symfony\Component\HttpKernel\Exception\NotFoundHttpException: "No route found for "GET /lol"" at C:\wamp\www\PC_Direct\app\cache\prod\classes.php line 3587 [] []
[2013-07-24 13:50:55] request.ERROR: Uncaught PHP Exception Symfony\Component\HttpKernel\Exception\NotFoundHttpException: "No route found for "GET /lol"" at C:\wamp\www\PC_Direct\app\cache\prod\classes.php line 3587 [] []
[2013-07-24 13:51:00] request.ERROR: Uncaught PHP Exception Symfony\Component\HttpKernel\Exception\NotFoundHttpException: "No route found for "GET /err"" at C:\wamp\www\PC_Direct\app\cache\prod\classes.php line 3587 [] []
[2013-07-24 13:51:05] request.ERROR: Uncaught PHP Exception Symfony\Component\HttpKernel\Exception\NotFoundHttpException: "No route found for "GET /mdr"" at C:\wamp\www\PC_Direct\app\cache\prod\classes.php line 3587 [] []
[2013-07-24 13:51:21] request.ERROR: Uncaught PHP Exception Symfony\Component\HttpKernel\Exception\NotFoundHttpException: "No route found for "GET /mdr"" at C:\wamp\www\PC_Direct\app\cache\prod\classes.php line 3587 [] []
[2013-07-24 13:51:22] request.ERROR: Uncaught PHP Exception Symfony\Component\HttpKernel\Exception\NotFoundHttpException: "No route found for "GET /mdr"" at C:\wamp\www\PC_Direct\app\cache\prod\classes.php line 3587 [] []
[2013-07-24 13:51:23] request.ERROR: Uncaught PHP Exception Symfony\Component\HttpKernel\Exception\NotFoundHttpException: "No route found for "GET /mdr"" at C:\wamp\www\PC_Direct\app\cache\prod\classes.php line 3587 [] []
[2013-07-24 13:51:23] request.ERROR: Uncaught PHP Exception Symfony\Component\HttpKernel\Exception\NotFoundHttpException: "No route found for "GET /mdr"" at C:\wamp\www\PC_Direct\app\cache\prod\classes.php line 3587 [] []
[2013-07-24 13:51:24] request.ERROR: Uncaught PHP Exception Symfony\Component\HttpKernel\Exception\NotFoundHttpException: "No route found for "GET /mdr"" at C:\wamp\www\PC_Direct\app\cache\prod\classes.php line 3587 [] []
[2013-07-24 13:51:24] request.ERROR: Uncaught PHP Exception Symfony\Component\HttpKernel\Exception\NotFoundHttpException: "No route found for "GET /mdr"" at C:\wamp\www\PC_Direct\app\cache\prod\classes.php line 3587 [] []
[2013-07-24 13:51:24] request.ERROR: Uncaught PHP Exception Symfony\Component\HttpKernel\Exception\NotFoundHttpException: "No route found for "GET /mdr"" at C:\wamp\www\PC_Direct\app\cache\prod\classes.php line 3587 [] []
[2013-07-24 13:51:24] request.ERROR: Uncaught PHP Exception Symfony\Component\HttpKernel\Exception\NotFoundHttpException: "No route found for "GET /mdr"" at C:\wamp\www\PC_Direct\app\cache\prod\classes.php line 3587 [] []
[2013-07-24 13:51:28] request.ERROR: Uncaught PHP Exception Symfony\Component\HttpKernel\Exception\NotFoundHttpException: "No route found for "GET /mdr"" at C:\wamp\www\PC_Direct\app\cache\prod\classes.php line 3587 [] []
[2013-07-24 13:52:07] request.ERROR: Uncaught PHP Exception Symfony\Component\HttpKernel\Exception\NotFoundHttpException: "No route found for "GET /mdr"" at C:\wamp\www\PC_Direct\app\cache\prod\classes.php line 3587 [] []
[2013-07-24 13:52:08] request.ERROR: Uncaught PHP Exception Symfony\Component\HttpKernel\Exception\NotFoundHttpException: "No route found for "GET /mdr"" at C:\wamp\www\PC_Direct\app\cache\prod\classes.php line 3587 [] []
[2013-07-24 13:52:12] request.ERROR: Uncaught PHP Exception Symfony\Component\HttpKernel\Exception\NotFoundHttpException: "No route found for "GET /pipi"" at C:\wamp\www\PC_Direct\app\cache\prod\classes.php line 3587 [] []
[2013-07-24 13:53:09] request.ERROR: Uncaught PHP Exception Symfony\Component\HttpKernel\Exception\NotFoundHttpException: "No route found for "GET /pipi"" at C:\wamp\www\PC_Direct\app\cache\prod\classes.php line 3587 [] []
[2013-07-24 13:53:11] request.ERROR: Uncaught PHP Exception Symfony\Component\HttpKernel\Exception\NotFoundHttpException: "No route found for "GET /pipi"" at C:\wamp\www\PC_Direct\app\cache\prod\classes.php line 3587 [] []
[2013-07-24 13:53:11] request.ERROR: Uncaught PHP Exception Symfony\Component\HttpKernel\Exception\NotFoundHttpException: "No route found for "GET /pipi"" at C:\wamp\www\PC_Direct\app\cache\prod\classes.php line 3587 [] []
[2013-07-24 13:53:12] request.ERROR: Uncaught PHP Exception Symfony\Component\HttpKernel\Exception\NotFoundHttpException: "No route found for "GET /pipi"" at C:\wamp\www\PC_Direct\app\cache\prod\classes.php line 3587 [] []
[2013-07-24 13:54:15] request.ERROR: Uncaught PHP Exception Symfony\Component\HttpKernel\Exception\NotFoundHttpException: "No route found for "GET /for"" at C:\wamp\www\PC_Direct\app\cache\prod\classes.php line 3587 [] []
[2013-07-24 13:54:50] request.ERROR: Uncaught PHP Exception Symfony\Component\HttpKernel\Exception\NotFoundHttpException: "No route found for "GET /for"" at C:\wamp\www\PC_Direct\app\cache\prod\classes.php line 3587 [] []
[2013-07-24 13:54:51] request.ERROR: Uncaught PHP Exception Symfony\Component\HttpKernel\Exception\NotFoundHttpException: "No route found for "GET /for"" at C:\wamp\www\PC_Direct\app\cache\prod\classes.php line 3587 [] []
[2013-07-24 13:54:52] request.ERROR: Uncaught PHP Exception Symfony\Component\HttpKernel\Exception\NotFoundHttpException: "No route found for "GET /for"" at C:\wamp\www\PC_Direct\app\cache\prod\classes.php line 3587 [] []
[2013-07-24 13:54:52] request.ERROR: Uncaught PHP Exception Symfony\Component\HttpKernel\Exception\NotFoundHttpException: "No route found for "GET /for"" at C:\wamp\www\PC_Direct\app\cache\prod\classes.php line 3587 [] []
[2013-07-24 13:54:52] request.ERROR: Uncaught PHP Exception Symfony\Component\HttpKernel\Exception\NotFoundHttpException: "No route found for "GET /for"" at C:\wamp\www\PC_Direct\app\cache\prod\classes.php line 3587 [] []
[2013-07-24 13:56:08] request.ERROR: Uncaught PHP Exception Symfony\Component\HttpKernel\Exception\NotFoundHttpException: "No route found for "GET /for"" at C:\wamp\www\PC_Direct\app\cache\prod\classes.php line 3587 [] []
[2013-07-24 13:56:09] request.ERROR: Uncaught PHP Exception Symfony\Component\HttpKernel\Exception\NotFoundHttpException: "No route found for "GET /for"" at C:\wamp\www\PC_Direct\app\cache\prod\classes.php line 3587 [] []
[2013-07-24 13:56:09] request.ERROR: Uncaught PHP Exception Symfony\Component\HttpKernel\Exception\NotFoundHttpException: "No route found for "GET /for"" at C:\wamp\www\PC_Direct\app\cache\prod\classes.php line 3587 [] []
[2013-07-24 13:56:12] request.ERROR: Uncaught PHP Exception Symfony\Component\HttpKernel\Exception\NotFoundHttpException: "No route found for "GET /forp"" at C:\wamp\www\PC_Direct\app\cache\prod\classes.php line 3587 [] []
[2013-07-24 13:57:38] request.ERROR: Uncaught PHP Exception Symfony\Component\HttpKernel\Exception\NotFoundHttpException: "No route found for "GET /forp"" at C:\wamp\www\PC_Direct\app\cache\prod\classes.php line 3587 [] []
[2013-07-24 13:58:11] request.ERROR: Uncaught PHP Exception Symfony\Component\HttpKernel\Exception\NotFoundHttpException: "No route found for "GET /contacto"" at C:\wamp\www\PC_Direct\app\cache\prod\classes.php line 3587 [] []
[2013-07-24 13:58:47] request.ERROR: Uncaught PHP Exception Symfony\Component\HttpKernel\Exception\NotFoundHttpException: "No route found for "GET /contacto"" at C:\wamp\www\PC_Direct\app\cache\prod\classes.php line 3587 [] []
[2013-07-24 13:58:48] request.ERROR: Uncaught PHP Exception Symfony\Component\HttpKernel\Exception\NotFoundHttpException: "No route found for "GET /contacto"" at C:\wamp\www\PC_Direct\app\cache\prod\classes.php line 3587 [] []
[2013-07-24 13:59:56] request.ERROR: Uncaught PHP Exception Symfony\Component\HttpKernel\Exception\NotFoundHttpException: "No route found for "GET /contacto"" at C:\wamp\www\PC_Direct\app\cache\prod\classes.php line 3587 [] []
[2013-07-24 13:59:57] request.ERROR: Uncaught PHP Exception Symfony\Component\HttpKernel\Exception\NotFoundHttpException: "No route found for "GET /contacto"" at C:\wamp\www\PC_Direct\app\cache\prod\classes.php line 3587 [] []
[2013-07-24 14:00:09] request.ERROR: Uncaught PHP Exception Symfony\Component\HttpKernel\Exception\NotFoundHttpException: "No route found for "GET /contacto"" at C:\wamp\www\PC_Direct\app\cache\prod\classes.php line 3587 [] []
[2013-07-24 14:00:22] request.ERROR: Uncaught PHP Exception Symfony\Component\HttpKernel\Exception\NotFoundHttpException: "No route found for "GET /contacto"" at C:\wamp\www\PC_Direct\app\cache\prod\classes.php line 3587 [] []
[2013-07-24 14:00:23] request.ERROR: Uncaught PHP Exception Symfony\Component\HttpKernel\Exception\NotFoundHttpException: "No route found for "GET /contacto"" at C:\wamp\www\PC_Direct\app\cache\prod\classes.php line 3587 [] []
[2013-07-24 14:00:24] request.ERROR: Uncaught PHP Exception Symfony\Component\HttpKernel\Exception\NotFoundHttpException: "No route found for "GET /contacto"" at C:\wamp\www\PC_Direct\app\cache\prod\classes.php line 3587 [] []
[2013-07-24 14:00:24] request.ERROR: Uncaught PHP Exception Symfony\Component\HttpKernel\Exception\NotFoundHttpException: "No route found for "GET /contacto"" at C:\wamp\www\PC_Direct\app\cache\prod\classes.php line 3587 [] []
[2013-07-24 14:00:24] request.ERROR: Uncaught PHP Exception Symfony\Component\HttpKernel\Exception\NotFoundHttpException: "No route found for "GET /contacto"" at C:\wamp\www\PC_Direct\app\cache\prod\classes.php line 3587 [] []
[2013-07-24 14:02:36] request.ERROR: Uncaught PHP Exception Symfony\Component\HttpKernel\Exception\NotFoundHttpException: "No route found for "GET /contacto"" at C:\wamp\www\PC_Direct\app\cache\prod\classes.php line 3587 [] []
[2013-07-24 14:02:37] request.ERROR: Uncaught PHP Exception Symfony\Component\HttpKernel\Exception\NotFoundHttpException: "No route found for "GET /contacto"" at C:\wamp\www\PC_Direct\app\cache\prod\classes.php line 3587 [] []
[2013-07-24 14:02:38] request.ERROR: Uncaught PHP Exception Symfony\Component\HttpKernel\Exception\NotFoundHttpException: "No route found for "GET /contacto"" at C:\wamp\www\PC_Direct\app\cache\prod\classes.php line 3587 [] []
[2013-07-24 14:02:38] request.ERROR: Uncaught PHP Exception Symfony\Component\HttpKernel\Exception\NotFoundHttpException: "No route found for "GET /contacto"" at C:\wamp\www\PC_Direct\app\cache\prod\classes.php line 3587 [] []
[2013-07-24 14:02:39] request.ERROR: Uncaught PHP Exception Symfony\Component\HttpKernel\Exception\NotFoundHttpException: "No route found for "GET /contacto"" at C:\wamp\www\PC_Direct\app\cache\prod\classes.php line 3587 [] []
[2013-07-24 14:02:40] request.ERROR: Uncaught PHP Exception Symfony\Component\HttpKernel\Exception\NotFoundHttpException: "No route found for "GET /contacto"" at C:\wamp\www\PC_Direct\app\cache\prod\classes.php line 3587 [] []
[2013-07-24 14:02:41] request.ERROR: Uncaught PHP Exception Symfony\Component\HttpKernel\Exception\NotFoundHttpException: "No route found for "GET /contacto"" at C:\wamp\www\PC_Direct\app\cache\prod\classes.php line 3587 [] []
[2013-07-24 14:02:41] request.ERROR: Uncaught PHP Exception Symfony\Component\HttpKernel\Exception\NotFoundHttpException: "No route found for "GET /contacto"" at C:\wamp\www\PC_Direct\app\cache\prod\classes.php line 3587 [] []
[2013-07-24 14:02:41] request.ERROR: Uncaught PHP Exception Symfony\Component\HttpKernel\Exception\NotFoundHttpException: "No route found for "GET /contacto"" at C:\wamp\www\PC_Direct\app\cache\prod\classes.php line 3587 [] []
[2013-07-24 14:02:42] request.ERROR: Uncaught PHP Exception Symfony\Component\HttpKernel\Exception\NotFoundHttpException: "No route found for "GET /contacto"" at C:\wamp\www\PC_Direct\app\cache\prod\classes.php line 3587 [] []
[2013-07-24 14:02:42] request.ERROR: Uncaught PHP Exception Symfony\Component\HttpKernel\Exception\NotFoundHttpException: "No route found for "GET /contacto"" at C:\wamp\www\PC_Direct\app\cache\prod\classes.php line 3587 [] []
[2013-07-24 14:03:12] request.ERROR: Uncaught PHP Exception Symfony\Component\HttpKernel\Exception\NotFoundHttpException: "No route found for "GET /contacto"" at C:\wamp\www\PC_Direct\app\cache\prod\classes.php line 3587 [] []
[2013-07-24 14:05:40] request.ERROR: Uncaught PHP Exception Symfony\Component\HttpKernel\Exception\NotFoundHttpException: "No route found for "GET /lol"" at C:\wamp\www\PC_Direct\app\cache\prod\classes.php line 3587 [] []
[2013-07-24 14:07:25] request.ERROR: Uncaught PHP Exception Symfony\Component\HttpKernel\Exception\NotFoundHttpException: "No route found for "GET /contacto"" at C:\wamp\www\PC_Direct\app\cache\prod\classes.php line 3587 [] []
[2013-07-24 14:07:51] request.ERROR: Uncaught PHP Exception Symfony\Component\HttpKernel\Exception\NotFoundHttpException: "No route found for "GET /contacto"" at C:\wamp\www\PC_Direct\app\cache\prod\classes.php line 3587 [] []
[2013-07-24 14:07:52] request.ERROR: Uncaught PHP Exception Symfony\Component\HttpKernel\Exception\NotFoundHttpException: "No route found for "GET /contacto"" at C:\wamp\www\PC_Direct\app\cache\prod\classes.php line 3587 [] []
[2013-07-24 14:07:53] request.ERROR: Uncaught PHP Exception Symfony\Component\HttpKernel\Exception\NotFoundHttpException: "No route found for "GET /contacto"" at C:\wamp\www\PC_Direct\app\cache\prod\classes.php line 3587 [] []
[2013-07-24 14:07:53] request.ERROR: Uncaught PHP Exception Symfony\Component\HttpKernel\Exception\NotFoundHttpException: "No route found for "GET /contacto"" at C:\wamp\www\PC_Direct\app\cache\prod\classes.php line 3587 [] []
[2013-07-24 14:07:53] request.ERROR: Uncaught PHP Exception Symfony\Component\HttpKernel\Exception\NotFoundHttpException: "No route found for "GET /contacto"" at C:\wamp\www\PC_Direct\app\cache\prod\classes.php line 3587 [] []
[2013-07-24 14:07:54] request.ERROR: Uncaught PHP Exception Symfony\Component\HttpKernel\Exception\NotFoundHttpException: "No route found for "GET /contacto"" at C:\wamp\www\PC_Direct\app\cache\prod\classes.php line 3587 [] []
[2013-07-24 14:08:20] request.ERROR: Uncaught PHP Exception Symfony\Component\HttpKernel\Exception\NotFoundHttpException: "No route found for "GET /contacto"" at C:\wamp\www\PC_Direct\app\cache\prod\classes.php line 3587 [] []
[2013-07-24 14:08:21] request.ERROR: Uncaught PHP Exception Symfony\Component\HttpKernel\Exception\NotFoundHttpException: "No route found for "GET /contacto"" at C:\wamp\www\PC_Direct\app\cache\prod\classes.php line 3587 [] []
[2013-07-24 14:08:21] request.ERROR: Uncaught PHP Exception Symfony\Component\HttpKernel\Exception\NotFoundHttpException: "No route found for "GET /contacto"" at C:\wamp\www\PC_Direct\app\cache\prod\classes.php line 3587 [] []
[2013-07-24 18:31:49] request.ERROR: Uncaught PHP Exception Symfony\Component\HttpKernel\Exception\NotFoundHttpException: "No route found for "GET /contacto"" at C:\wamp\www\PC_Direct\app\cache\prod\classes.php line 3587 [] []
[2013-07-24 18:34:24] request.ERROR: Uncaught PHP Exception Symfony\Component\HttpKernel\Exception\NotFoundHttpException: "No route found for "GET /contacto"" at C:\wamp\www\PC_Direct\app\cache\prod\classes.php line 3587 [] []
[2013-07-24 18:41:35] request.ERROR: Uncaught PHP Exception Symfony\Component\HttpKernel\Exception\NotFoundHttpException: "No route found for "GET /contacto"" at C:\wamp\www\PC_Direct\app\cache\prod\classes.php line 3587 [] []
[2013-07-24 18:41:36] request.ERROR: Uncaught PHP Exception Symfony\Component\HttpKernel\Exception\NotFoundHttpException: "No route found for "GET /contacto"" at C:\wamp\www\PC_Direct\app\cache\prod\classes.php line 3587 [] []
[2013-07-24 18:41:36] request.ERROR: Uncaught PHP Exception Symfony\Component\HttpKernel\Exception\NotFoundHttpException: "No route found for "GET /contacto"" at C:\wamp\www\PC_Direct\app\cache\prod\classes.php line 3587 [] []
[2013-07-24 18:41:37] request.ERROR: Uncaught PHP Exception Symfony\Component\HttpKernel\Exception\NotFoundHttpException: "No route found for "GET /contacto"" at C:\wamp\www\PC_Direct\app\cache\prod\classes.php line 3587 [] []
[2013-07-24 18:42:57] request.ERROR: Uncaught PHP Exception Symfony\Component\HttpKernel\Exception\NotFoundHttpException: "No route found for "GET /contacto"" at C:\wamp\www\PC_Direct\app\cache\prod\classes.php line 3587 [] []
[2013-07-24 18:42:58] request.ERROR: Uncaught PHP Exception Symfony\Component\HttpKernel\Exception\NotFoundHttpException: "No route found for "GET /contacto"" at C:\wamp\www\PC_Direct\app\cache\prod\classes.php line 3587 [] []
[2013-07-24 18:42:59] request.ERROR: Uncaught PHP Exception Symfony\Component\HttpKernel\Exception\NotFoundHttpException: "No route found for "GET /contacto"" at C:\wamp\www\PC_Direct\app\cache\prod\classes.php line 3587 [] []
[2013-07-24 18:42:59] request.ERROR: Uncaught PHP Exception Symfony\Component\HttpKernel\Exception\NotFoundHttpException: "No route found for "GET /contacto"" at C:\wamp\www\PC_Direct\app\cache\prod\classes.php line 3587 [] []
[2013-07-24 18:57:10] request.ERROR: Uncaught PHP Exception Symfony\Component\HttpKernel\Exception\NotFoundHttpException: "No route found for "GET /contacto"" at C:\wamp\www\PC_Direct\app\cache\prod\classes.php line 3587 [] []
[2013-07-24 18:58:39] request.ERROR: Uncaught PHP Exception Symfony\Component\HttpKernel\Exception\NotFoundHttpException: "No route found for "GET /contacto"" at C:\wamp\www\PC_Direct\app\cache\prod\classes.php line 3587 [] []
[2013-07-24 18:58:52] request.ERROR: Uncaught PHP Exception Symfony\Component\HttpKernel\Exception\NotFoundHttpException: "No route found for "GET /contacto"" at C:\wamp\www\PC_Direct\app\cache\prod\classes.php line 3587 [] []
[2013-07-24 18:58:54] request.ERROR: Uncaught PHP Exception Symfony\Component\HttpKernel\Exception\NotFoundHttpException: "No route found for "GET /contacto"" at C:\wamp\www\PC_Direct\app\cache\prod\classes.php line 3587 [] []
[2013-07-24 18:58:54] request.ERROR: Uncaught PHP Exception Symfony\Component\HttpKernel\Exception\NotFoundHttpException: "No route found for "GET /contacto"" at C:\wamp\www\PC_Direct\app\cache\prod\classes.php line 3587 [] []
[2013-07-24 18:58:55] request.ERROR: Uncaught PHP Exception Symfony\Component\HttpKernel\Exception\NotFoundHttpException: "No route found for "GET /contacto"" at C:\wamp\www\PC_Direct\app\cache\prod\classes.php line 3587 [] []
[2013-07-24 18:58:55] request.ERROR: Uncaught PHP Exception Symfony\Component\HttpKernel\Exception\NotFoundHttpException: "No route found for "GET /contacto"" at C:\wamp\www\PC_Direct\app\cache\prod\classes.php line 3587 [] []
[2013-07-24 18:58:56] request.ERROR: Uncaught PHP Exception Symfony\Component\HttpKernel\Exception\NotFoundHttpException: "No route found for "GET /contacto"" at C:\wamp\www\PC_Direct\app\cache\prod\classes.php line 3587 [] []
[2013-07-24 18:58:56] request.ERROR: Uncaught PHP Exception Symfony\Component\HttpKernel\Exception\NotFoundHttpException: "No route found for "GET /contacto"" at C:\wamp\www\PC_Direct\app\cache\prod\classes.php line 3587 [] []
[2013-07-24 18:58:57] request.ERROR: Uncaught PHP Exception Symfony\Component\HttpKernel\Exception\NotFoundHttpException: "No route found for "GET /contacto"" at C:\wamp\www\PC_Direct\app\cache\prod\classes.php line 3587 [] []
[2013-07-24 18:58:57] request.ERROR: Uncaught PHP Exception Symfony\Component\HttpKernel\Exception\NotFoundHttpException: "No route found for "GET /contacto"" at C:\wamp\www\PC_Direct\app\cache\prod\classes.php line 3587 [] []
[2013-07-24 18:59:10] request.ERROR: Uncaught PHP Exception Symfony\Component\HttpKernel\Exception\NotFoundHttpException: "No route found for "GET /contacto"" at C:\wamp\www\PC_Direct\app\cache\prod\classes.php line 3587 [] []
[2013-07-24 19:00:12] request.ERROR: Uncaught PHP Exception Symfony\Component\HttpKernel\Exception\NotFoundHttpException: "No route found for "GET /contacto"" at C:\wamp\www\PC_Direct\app\cache\prod\classes.php line 3587 [] []
[2013-07-24 19:00:14] request.ERROR: Uncaught PHP Exception Symfony\Component\HttpKernel\Exception\NotFoundHttpException: "No route found for "GET /contacto"" at C:\wamp\www\PC_Direct\app\cache\prod\classes.php line 3587 [] []
[2013-07-24 19:07:46] request.ERROR: Uncaught PHP Exception Symfony\Component\HttpKernel\Exception\NotFoundHttpException: "No route found for "GET /contacto"" at C:\wamp\www\PC_Direct\app\cache\prod\classes.php line 3587 [] []
[2013-07-24 19:08:04] request.ERROR: Uncaught PHP Exception Symfony\Component\HttpKernel\Exception\NotFoundHttpException: "No route found for "GET /contacto"" at C:\wamp\www\PC_Direct\app\cache\prod\classes.php line 3587 [] []
[2013-07-24 19:11:44] request.ERROR: Uncaught PHP Exception Symfony\Component\HttpKernel\Exception\NotFoundHttpException: "No route found for "GET /contacto"" at C:\wamp\www\PC_Direct\app\cache\prod\classes.php line 3587 [] []
[2013-07-24 19:11:45] request.ERROR: Uncaught PHP Exception Symfony\Component\HttpKernel\Exception\NotFoundHttpException: "No route found for "GET /contacto"" at C:\wamp\www\PC_Direct\app\cache\prod\classes.php line 3587 [] []
[2013-07-24 19:11:45] request.ERROR: Uncaught PHP Exception Symfony\Component\HttpKernel\Exception\NotFoundHttpException: "No route found for "GET /contacto"" at C:\wamp\www\PC_Direct\app\cache\prod\classes.php line 3587 [] []
[2013-07-24 19:12:08] request.ERROR: Uncaught PHP Exception Symfony\Component\HttpKernel\Exception\NotFoundHttpException: "No route found for "GET /contacto"" at C:\wamp\www\PC_Direct\app\cache\prod\classes.php line 3587 [] []
[2013-07-24 19:20:15] request.ERROR: Uncaught PHP Exception Symfony\Component\HttpKernel\Exception\NotFoundHttpException: "No route found for "GET /contacto"" at C:\wamp\www\PC_Direct\app\cache\prod\classes.php line 3587 [] []
[2013-07-24 19:20:16] request.ERROR: Uncaught PHP Exception Symfony\Component\HttpKernel\Exception\NotFoundHttpException: "No route found for "GET /contacto"" at C:\wamp\www\PC_Direct\app\cache\prod\classes.php line 3587 [] []
[2013-07-24 19:20:16] request.ERROR: Uncaught PHP Exception Symfony\Component\HttpKernel\Exception\NotFoundHttpException: "No route found for "GET /contacto"" at C:\wamp\www\PC_Direct\app\cache\prod\classes.php line 3587 [] []
[2013-07-24 19:20:21] request.ERROR: Uncaught PHP Exception Symfony\Component\HttpKernel\Exception\NotFoundHttpException: "No route found for "GET /contacto"" at C:\wamp\www\PC_Direct\app\cache\prod\classes.php line 3587 [] []
[2013-07-24 19:23:15] request.ERROR: Uncaught PHP Exception Symfony\Component\HttpKernel\Exception\NotFoundHttpException: "No route found for "GET /contacto"" at C:\wamp\www\PC_Direct\app\cache\prod\classes.php line 3587 [] []
[2013-07-24 19:23:16] request.ERROR: Uncaught PHP Exception Symfony\Component\HttpKernel\Exception\NotFoundHttpException: "No route found for "GET /contacto"" at C:\wamp\www\PC_Direct\app\cache\prod\classes.php line 3587 [] []
[2013-07-24 19:23:17] request.ERROR: Uncaught PHP Exception Symfony\Component\HttpKernel\Exception\NotFoundHttpException: "No route found for "GET /contacto"" at C:\wamp\www\PC_Direct\app\cache\prod\classes.php line 3587 [] []
[2013-07-24 19:25:18] request.ERROR: Uncaught PHP Exception Symfony\Component\HttpKernel\Exception\NotFoundHttpException: "No route found for "GET /contacto"" at C:\wamp\www\PC_Direct\vendor\symfony\symfony\src\Symfony\Component\HttpKernel\EventListener\RouterListener.php line 94 [] []
[2013-07-24 19:25:58] request.ERROR: Uncaught PHP Exception Symfony\Component\HttpKernel\Exception\NotFoundHttpException: "No route found for "GET /contacto"" at C:\wamp\www\PC_Direct\vendor\symfony\symfony\src\Symfony\Component\HttpKernel\EventListener\RouterListener.php line 94 [] []
[2013-07-24 19:26:38] request.ERROR: Uncaught PHP Exception Symfony\Component\HttpKernel\Exception\NotFoundHttpException: "No route found for "GET /contacto"" at C:\wamp\www\PC_Direct\vendor\symfony\symfony\src\Symfony\Component\HttpKernel\EventListener\RouterListener.php line 94 [] []
[2013-07-24 19:27:09] request.ERROR: Uncaught PHP Exception Symfony\Component\HttpKernel\Exception\NotFoundHttpException: "No route found for "GET /contacto"" at C:\wamp\www\PC_Direct\vendor\symfony\symfony\src\Symfony\Component\HttpKernel\EventListener\RouterListener.php line 94 [] []
[2013-07-24 19:48:36] request.ERROR: Uncaught PHP Exception Symfony\Component\HttpKernel\Exception\NotFoundHttpException: "No route found for "GET /contacto"" at C:\wamp\www\PC_Direct\vendor\symfony\symfony\src\Symfony\Component\HttpKernel\EventListener\RouterListener.php line 94 [] []
[2013-07-24 19:49:25] request.ERROR: Uncaught PHP Exception Symfony\Component\HttpKernel\Exception\NotFoundHttpException: "No route found for "GET /contacto"" at C:\wamp\www\PC_Direct\vendor\symfony\symfony\src\Symfony\Component\HttpKernel\EventListener\RouterListener.php line 94 [] []
[2013-07-24 19:49:53] request.ERROR: Uncaught PHP Exception Symfony\Component\HttpKernel\Exception\NotFoundHttpException: "No route found for "GET /contacto"" at C:\wamp\www\PC_Direct\app\cache\prod\classes.php line 3587 [] []
[2013-07-24 19:50:09] request.ERROR: Uncaught PHP Exception Symfony\Component\HttpKernel\Exception\NotFoundHttpException: "No route found for "GET /contacto"" at C:\wamp\www\PC_Direct\vendor\symfony\symfony\src\Symfony\Component\HttpKernel\EventListener\RouterListener.php line 94 [] []
[2013-07-24 19:50:26] request.ERROR: Uncaught PHP Exception Symfony\Component\HttpKernel\Exception\NotFoundHttpException: "No route found for "GET /contacto"" at C:\wamp\www\PC_Direct\app\cache\prod\classes.php line 3587 [] []
[2013-07-24 19:50:38] request.ERROR: Uncaught PHP Exception Symfony\Component\HttpKernel\Exception\NotFoundHttpException: "No route found for "GET /contacto"" at C:\wamp\www\PC_Direct\app\cache\prod\classes.php line 3587 [] []
[2013-07-24 19:51:26] request.ERROR: Uncaught PHP Exception Symfony\Component\HttpKernel\Exception\NotFoundHttpException: "No route found for "GET /contacto"" at C:\wamp\www\PC_Direct\app\cache\prod\classes.php line 3587 [] []
[2013-07-24 20:01:53] request.ERROR: Uncaught PHP Exception Symfony\Component\HttpKernel\Exception\NotFoundHttpException: "No route found for "GET /contacto"" at C:\wamp\www\PC_Direct\app\cache\prod\classes.php line 3587 [] []
[2013-07-24 20:01:56] request.ERROR: Uncaught PHP Exception Symfony\Component\HttpKernel\Exception\NotFoundHttpException: "No route found for "GET /contacto"" at C:\wamp\www\PC_Direct\app\cache\prod\classes.php line 3587 [] []
[2013-07-24 20:02:48] request.ERROR: Uncaught PHP Exception Symfony\Component\HttpKernel\Exception\NotFoundHttpException: "No route found for "GET /contacto"" at C:\wamp\www\PC_Direct\vendor\symfony\symfony\src\Symfony\Component\HttpKernel\EventListener\RouterListener.php line 94 [] []
[2013-07-24 20:03:29] request.ERROR: Uncaught PHP Exception Symfony\Component\HttpKernel\Exception\NotFoundHttpException: "No route found for "GET /contacto"" at C:\wamp\www\PC_Direct\app\cache\prod\classes.php line 3587 [] []
[2013-07-24 20:03:31] request.ERROR: Uncaught PHP Exception Symfony\Component\HttpKernel\Exception\NotFoundHttpException: "No route found for "GET /contacto"" at C:\wamp\www\PC_Direct\app\cache\prod\classes.php line 3587 [] []
[2013-07-24 20:03:46] request.ERROR: Uncaught PHP Exception Symfony\Component\HttpKernel\Exception\NotFoundHttpException: "No route found for "GET /contacto"" at C:\wamp\www\PC_Direct\vendor\symfony\symfony\src\Symfony\Component\HttpKernel\EventListener\RouterListener.php line 94 [] []
[2013-07-24 20:04:18] request.ERROR: Uncaught PHP Exception Symfony\Component\HttpKernel\Exception\NotFoundHttpException: "No route found for "GET /contacto"" at C:\wamp\www\PC_Direct\app\cache\prod\classes.php line 3587 [] []
[2013-07-24 20:04:36] request.ERROR: Uncaught PHP Exception Symfony\Component\HttpKernel\Exception\NotFoundHttpException: "No route found for "GET /contacto"" at C:\wamp\www\PC_Direct\vendor\symfony\symfony\src\Symfony\Component\HttpKernel\EventListener\RouterListener.php line 94 [] []
[2013-07-24 20:07:50] request.ERROR: Uncaught PHP Exception Symfony\Component\HttpKernel\Exception\NotFoundHttpException: "No route found for "GET /contacto"" at C:\wamp\www\PC_Direct\vendor\symfony\symfony\src\Symfony\Component\HttpKernel\EventListener\RouterListener.php line 94 [] []
[2013-07-24 20:08:54] request.ERROR: Uncaught PHP Exception Symfony\Component\HttpKernel\Exception\NotFoundHttpException: "No route found for "GET /contacto"" at C:\wamp\www\PC_Direct\vendor\symfony\symfony\src\Symfony\Component\HttpKernel\EventListener\RouterListener.php line 94 [] []
[2013-07-24 20:09:42] request.ERROR: Uncaught PHP Exception Symfony\Component\HttpKernel\Exception\NotFoundHttpException: "No route found for "GET /contacto"" at C:\wamp\www\PC_Direct\vendor\symfony\symfony\src\Symfony\Component\HttpKernel\EventListener\RouterListener.php line 94 [] []
[2013-07-24 20:12:04] request.ERROR: Uncaught PHP Exception Symfony\Component\HttpKernel\Exception\NotFoundHttpException: "No route found for "GET /contacto"" at C:\wamp\www\PC_Direct\vendor\symfony\symfony\src\Symfony\Component\HttpKernel\EventListener\RouterListener.php line 94 [] []
[2013-07-24 20:12:42] request.ERROR: Uncaught PHP Exception Symfony\Component\HttpKernel\Exception\NotFoundHttpException: "No route found for "GET /contacto"" at C:\wamp\www\PC_Direct\vendor\symfony\symfony\src\Symfony\Component\HttpKernel\EventListener\RouterListener.php line 94 [] []
[2013-07-24 20:13:44] request.ERROR: Uncaught PHP Exception Symfony\Component\HttpKernel\Exception\NotFoundHttpException: "No route found for "GET /contacto"" at C:\wamp\www\PC_Direct\vendor\symfony\symfony\src\Symfony\Component\HttpKernel\EventListener\RouterListener.php line 94 [] []
[2013-07-24 20:15:01] request.ERROR: Uncaught PHP Exception Symfony\Component\HttpKernel\Exception\NotFoundHttpException: "No route found for "GET /contacto"" at C:\wamp\www\PC_Direct\vendor\symfony\symfony\src\Symfony\Component\HttpKernel\EventListener\RouterListener.php line 94 [] []
[2013-07-24 20:15:24] request.ERROR: Uncaught PHP Exception Symfony\Component\HttpKernel\Exception\NotFoundHttpException: "No route found for "GET /contacto"" at C:\wamp\www\PC_Direct\vendor\symfony\symfony\src\Symfony\Component\HttpKernel\EventListener\RouterListener.php line 94 [] []
[2013-07-24 20:17:59] request.ERROR: Uncaught PHP Exception Symfony\Component\HttpKernel\Exception\NotFoundHttpException: "No route found for "GET /contacto"" at C:\wamp\www\PC_Direct\vendor\symfony\symfony\src\Symfony\Component\HttpKernel\EventListener\RouterListener.php line 94 [] []
[2013-07-24 20:20:21] request.ERROR: Uncaught PHP Exception Symfony\Component\HttpKernel\Exception\NotFoundHttpException: "No route found for "GET /contacto"" at C:\wamp\www\PC_Direct\vendor\symfony\symfony\src\Symfony\Component\HttpKernel\EventListener\RouterListener.php line 94 [] []
[2013-07-24 20:20:29] request.ERROR: Uncaught PHP Exception Symfony\Component\HttpKernel\Exception\NotFoundHttpException: "No route found for "GET /contacto"" at C:\wamp\www\PC_Direct\app\cache\prod\classes.php line 3587 [] []
[2013-07-24 20:25:01] request.ERROR: Uncaught PHP Exception Symfony\Component\HttpKernel\Exception\NotFoundHttpException: "No route found for "GET /contacto"" at C:\wamp\www\PC_Direct\vendor\symfony\symfony\src\Symfony\Component\HttpKernel\EventListener\RouterListener.php line 94 [] []
[2013-07-24 20:27:47] request.ERROR: Uncaught PHP Exception Symfony\Component\HttpKernel\Exception\NotFoundHttpException: "No route found for "GET /contacto"" at C:\wamp\www\PC_Direct\vendor\symfony\symfony\src\Symfony\Component\HttpKernel\EventListener\RouterListener.php line 94 [] []
[2013-07-24 20:29:00] request.ERROR: Uncaught PHP Exception Symfony\Component\HttpKernel\Exception\NotFoundHttpException: "No route found for "GET /contacto"" at C:\wamp\www\PC_Direct\vendor\symfony\symfony\src\Symfony\Component\HttpKernel\EventListener\RouterListener.php line 94 [] []
[2013-07-24 20:30:10] request.ERROR: Uncaught PHP Exception Symfony\Component\HttpKernel\Exception\NotFoundHttpException: "No route found for "GET /contacto"" at C:\wamp\www\PC_Direct\vendor\symfony\symfony\src\Symfony\Component\HttpKernel\EventListener\RouterListener.php line 94 [] []
[2013-07-24 20:30:33] request.ERROR: Uncaught PHP Exception Symfony\Component\HttpKernel\Exception\NotFoundHttpException: "No route found for "GET /contacto"" at C:\wamp\www\PC_Direct\vendor\symfony\symfony\src\Symfony\Component\HttpKernel\EventListener\RouterListener.php line 94 [] []
[2013-07-24 20:34:44] request.ERROR: Uncaught PHP Exception Symfony\Component\HttpKernel\Exception\NotFoundHttpException: "No route found for "GET /contacto"" at C:\wamp\www\PC_Direct\app\cache\prod\classes.php line 3587 [] []
[2013-07-24 20:38:01] request.ERROR: Uncaught PHP Exception Symfony\Component\HttpKernel\Exception\NotFoundHttpException: "No route found for "GET /contacto"" at C:\wamp\www\PC_Direct\vendor\symfony\symfony\src\Symfony\Component\HttpKernel\EventListener\RouterListener.php line 94 [] []
[2013-07-24 20:57:03] request.ERROR: Uncaught PHP Exception Symfony\Component\HttpKernel\Exception\NotFoundHttpException: "No route found for "GET /contacto"" at C:\wamp\www\PC_Direct\vendor\symfony\symfony\src\Symfony\Component\HttpKernel\EventListener\RouterListener.php line 94 [] []
[2013-07-24 20:57:56] request.ERROR: Uncaught PHP Exception Symfony\Component\HttpKernel\Exception\NotFoundHttpException: "No route found for "GET /contacto"" at C:\wamp\www\PC_Direct\vendor\symfony\symfony\src\Symfony\Component\HttpKernel\EventListener\RouterListener.php line 94 [] []
[2013-07-24 22:10:25] request.ERROR: Uncaught PHP Exception Symfony\Component\HttpKernel\Exception\NotFoundHttpException: "No route found for "GET /contacto"" at C:\wamp\www\PC_Direct\app\cache\prod\classes.php line 3587 [] []
[2013-07-25 14:23:54] request.ERROR: Uncaught PHP Exception Symfony\Component\HttpKernel\Exception\NotFoundHttpException: "No route found for "GET /contacto"" at C:\wamp\www\PC_Direct\vendor\symfony\symfony\src\Symfony\Component\HttpKernel\EventListener\RouterListener.php line 94 [] []
[2013-07-25 14:24:44] request.ERROR: Uncaught PHP Exception Symfony\Component\HttpKernel\Exception\NotFoundHttpException: "No route found for "GET /contacto"" at C:\wamp\www\PC_Direct\vendor\symfony\symfony\src\Symfony\Component\HttpKernel\EventListener\RouterListener.php line 94 [] []
[2013-07-25 14:28:10] request.ERROR: Uncaught PHP Exception Symfony\Component\HttpKernel\Exception\NotFoundHttpException: "No route found for "GET /contacto"" at C:\wamp\www\PC_Direct\vendor\symfony\symfony\src\Symfony\Component\HttpKernel\EventListener\RouterListener.php line 94 [] []
[2013-07-25 14:30:29] request.ERROR: Uncaught PHP Exception Symfony\Component\HttpKernel\Exception\NotFoundHttpException: "No route found for "GET /contacto"" at C:\wamp\www\PC_Direct\vendor\symfony\symfony\src\Symfony\Component\HttpKernel\EventListener\RouterListener.php line 94 [] []
[2013-07-25 14:32:00] request.ERROR: Uncaught PHP Exception Symfony\Component\HttpKernel\Exception\NotFoundHttpException: "No route found for "GET /contacto"" at C:\wamp\www\PC_Direct\vendor\symfony\symfony\src\Symfony\Component\HttpKernel\EventListener\RouterListener.php line 94 [] []
[2013-07-25 14:32:51] request.ERROR: Uncaught PHP Exception Symfony\Component\HttpKernel\Exception\NotFoundHttpException: "No route found for "GET /contacto"" at C:\wamp\www\PC_Direct\vendor\symfony\symfony\src\Symfony\Component\HttpKernel\EventListener\RouterListener.php line 94 [] []
[2013-07-25 14:33:15] request.ERROR: Uncaught PHP Exception Symfony\Component\HttpKernel\Exception\NotFoundHttpException: "No route found for "GET /contacto"" at C:\wamp\www\PC_Direct\vendor\symfony\symfony\src\Symfony\Component\HttpKernel\EventListener\RouterListener.php line 94 [] []
[2013-07-26 15:48:56] request.ERROR: Uncaught PHP Exception Symfony\Component\HttpKernel\Exception\NotFoundHttpException: "No route found for "GET /contacto"" at C:\wamp\www\PC_Direct\vendor\symfony\symfony\src\Symfony\Component\HttpKernel\EventListener\RouterListener.php line 94 [] []
[2013-07-26 15:48:57] request.ERROR: Uncaught PHP Exception Symfony\Component\HttpKernel\Exception\NotFoundHttpException: "No route found for "GET /Bundles/pcdblog/images/erreur404.png"" at C:\wamp\www\PC_Direct\app\cache\prod\classes.php line 3587 [] []
[2013-07-26 15:52:53] request.ERROR: Uncaught PHP Exception Symfony\Component\HttpKernel\Exception\NotFoundHttpException: "No route found for "GET /contacto"" at C:\wamp\www\PC_Direct\vendor\symfony\symfony\src\Symfony\Component\HttpKernel\EventListener\RouterListener.php line 94 [] []
[2013-07-26 15:52:54] request.ERROR: Uncaught PHP Exception Symfony\Component\HttpKernel\Exception\NotFoundHttpException: "No route found for "GET /web/bundles/pcdblog/images/erreur404.png"" at C:\wamp\www\PC_Direct\app\cache\prod\classes.php line 3587 [] []
[2013-07-26 15:56:46] request.ERROR: Uncaught PHP Exception Symfony\Component\HttpKernel\Exception\NotFoundHttpException: "No route found for "GET /contacto"" at C:\wamp\www\PC_Direct\vendor\symfony\symfony\src\Symfony\Component\HttpKernel\EventListener\RouterListener.php line 94 [] []
[2013-07-26 15:57:11] request.ERROR: Uncaught PHP Exception Symfony\Component\HttpKernel\Exception\NotFoundHttpException: "No route found for "GET /contacto"" at C:\wamp\www\PC_Direct\app\cache\prod\classes.php line 3587 [] []
[2013-07-26 15:57:17] request.ERROR: Uncaught PHP Exception Symfony\Component\HttpKernel\Exception\NotFoundHttpException: "No route found for "GET /contacto"" at C:\wamp\www\PC_Direct\vendor\symfony\symfony\src\Symfony\Component\HttpKernel\EventListener\RouterListener.php line 94 [] []
[2013-07-26 15:57:35] request.ERROR: Uncaught PHP Exception Symfony\Component\HttpKernel\Exception\NotFoundHttpException: "No route found for "GET /contacto"" at C:\wamp\www\PC_Direct\vendor\symfony\symfony\src\Symfony\Component\HttpKernel\EventListener\RouterListener.php line 94 [] []
[2013-07-26 15:58:06] request.ERROR: Uncaught PHP Exception Symfony\Component\HttpKernel\Exception\NotFoundHttpException: "No route found for "GET /contacto"" at C:\wamp\www\PC_Direct\vendor\symfony\symfony\src\Symfony\Component\HttpKernel\EventListener\RouterListener.php line 94 [] []
[2013-07-26 15:58:47] request.ERROR: Uncaught PHP Exception Symfony\Component\HttpKernel\Exception\NotFoundHttpException: "No route found for "GET /contacto"" at C:\wamp\www\PC_Direct\vendor\symfony\symfony\src\Symfony\Component\HttpKernel\EventListener\RouterListener.php line 94 [] []
[2013-07-26 16:00:15] request.ERROR: Uncaught PHP Exception Symfony\Component\HttpKernel\Exception\NotFoundHttpException: "No route found for "GET /contacto"" at C:\wamp\www\PC_Direct\vendor\symfony\symfony\src\Symfony\Component\HttpKernel\EventListener\RouterListener.php line 94 [] []
[2013-07-26 16:00:57] request.ERROR: Uncaught PHP Exception Symfony\Component\HttpKernel\Exception\NotFoundHttpException: "No route found for "GET /contacto"" at C:\wamp\www\PC_Direct\vendor\symfony\symfony\src\Symfony\Component\HttpKernel\EventListener\RouterListener.php line 94 [] []
[2013-07-26 16:02:07] request.ERROR: Uncaught PHP Exception Symfony\Component\HttpKernel\Exception\NotFoundHttpException: "No route found for "GET /contacto"" at C:\wamp\www\PC_Direct\vendor\symfony\symfony\src\Symfony\Component\HttpKernel\EventListener\RouterListener.php line 94 [] []
[2013-07-26 16:02:38] request.ERROR: Uncaught PHP Exception Symfony\Component\HttpKernel\Exception\NotFoundHttpException: "No route found for "GET /contacto"" at C:\wamp\www\PC_Direct\vendor\symfony\symfony\src\Symfony\Component\HttpKernel\EventListener\RouterListener.php line 94 [] []
[2013-07-26 16:03:22] request.ERROR: Uncaught PHP Exception Symfony\Component\HttpKernel\Exception\NotFoundHttpException: "No route found for "GET /contacto"" at C:\wamp\www\PC_Direct\vendor\symfony\symfony\src\Symfony\Component\HttpKernel\EventListener\RouterListener.php line 94 [] []
[2013-07-26 16:05:48] request.ERROR: Uncaught PHP Exception Symfony\Component\HttpKernel\Exception\NotFoundHttpException: "No route found for "GET /contacto"" at C:\wamp\www\PC_Direct\vendor\symfony\symfony\src\Symfony\Component\HttpKernel\EventListener\RouterListener.php line 94 [] []
[2013-07-26 16:09:52] request.ERROR: Uncaught PHP Exception Symfony\Component\HttpKernel\Exception\NotFoundHttpException: "No route found for "GET /contacto"" at C:\wamp\www\PC_Direct\vendor\symfony\symfony\src\Symfony\Component\HttpKernel\EventListener\RouterListener.php line 94 [] []
[2013-07-26 16:12:44] request.ERROR: Uncaught PHP Exception Symfony\Component\HttpKernel\Exception\NotFoundHttpException: "No route found for "GET /contacto"" at C:\wamp\www\PC_Direct\vendor\symfony\symfony\src\Symfony\Component\HttpKernel\EventListener\RouterListener.php line 94 [] []
[2013-07-26 16:16:23] request.ERROR: Uncaught PHP Exception Symfony\Component\HttpKernel\Exception\NotFoundHttpException: "No route found for "GET /contacto"" at C:\wamp\www\PC_Direct\vendor\symfony\symfony\src\Symfony\Component\HttpKernel\EventListener\RouterListener.php line 94 [] []
[2013-07-26 16:18:57] request.ERROR: Uncaught PHP Exception Symfony\Component\HttpKernel\Exception\NotFoundHttpException: "No route found for "GET /contacto"" at C:\wamp\www\PC_Direct\vendor\symfony\symfony\src\Symfony\Component\HttpKernel\EventListener\RouterListener.php line 94 [] []
[2013-07-26 16:20:27] request.ERROR: Uncaught PHP Exception Symfony\Component\HttpKernel\Exception\NotFoundHttpException: "No route found for "GET /contacto"" at C:\wamp\www\PC_Direct\vendor\symfony\symfony\src\Symfony\Component\HttpKernel\EventListener\RouterListener.php line 94 [] []
[2013-07-26 16:23:30] request.ERROR: Uncaught PHP Exception Symfony\Component\HttpKernel\Exception\NotFoundHttpException: "No route found for "GET /contacto"" at C:\wamp\www\PC_Direct\vendor\symfony\symfony\src\Symfony\Component\HttpKernel\EventListener\RouterListener.php line 94 [] []
[2013-07-26 16:25:10] request.ERROR: Uncaught PHP Exception Symfony\Component\HttpKernel\Exception\NotFoundHttpException: "No route found for "GET /contacto"" at C:\wamp\www\PC_Direct\vendor\symfony\symfony\src\Symfony\Component\HttpKernel\EventListener\RouterListener.php line 94 [] []
[2013-07-26 16:26:54] request.ERROR: Uncaught PHP Exception Symfony\Component\HttpKernel\Exception\NotFoundHttpException: "No route found for "GET /contacto"" at C:\wamp\www\PC_Direct\vendor\symfony\symfony\src\Symfony\Component\HttpKernel\EventListener\RouterListener.php line 94 [] []
[2013-07-26 16:28:34] request.ERROR: Uncaught PHP Exception Symfony\Component\HttpKernel\Exception\NotFoundHttpException: "No route found for "GET /contacto"" at C:\wamp\www\PC_Direct\vendor\symfony\symfony\src\Symfony\Component\HttpKernel\EventListener\RouterListener.php line 94 [] []
[2013-07-26 16:30:57] request.ERROR: Uncaught PHP Exception Symfony\Component\HttpKernel\Exception\NotFoundHttpException: "No route found for "GET /contacto"" at C:\wamp\www\PC_Direct\vendor\symfony\symfony\src\Symfony\Component\HttpKernel\EventListener\RouterListener.php line 94 [] []
[2013-07-26 16:32:00] request.ERROR: Uncaught PHP Exception Symfony\Component\HttpKernel\Exception\NotFoundHttpException: "No route found for "GET /contacto"" at C:\wamp\www\PC_Direct\vendor\symfony\symfony\src\Symfony\Component\HttpKernel\EventListener\RouterListener.php line 94 [] []
[2013-07-26 16:33:34] request.ERROR: Uncaught PHP Exception Symfony\Component\HttpKernel\Exception\NotFoundHttpException: "No route found for "GET /contacto"" at C:\wamp\www\PC_Direct\vendor\symfony\symfony\src\Symfony\Component\HttpKernel\EventListener\RouterListener.php line 94 [] []
[2013-08-01 09:19:36] request.ERROR: Uncaught PHP Exception Symfony\Component\HttpKernel\Exception\NotFoundHttpException: "No route found for "GET /l"" at C:\wamp\www\PC_Direct\app\cache\prod\classes.php line 3587 [] []
[2013-08-01 13:57:12] request.ERROR: Uncaught PHP Exception Symfony\Component\HttpKernel\Exception\NotFoundHttpException: "No route found for "GET /l"" at C:\wamp\www\PC_Direct\app\cache\prod\classes.php line 3587 [] []
[2013-08-01 13:59:35] request.ERROR: Uncaught PHP Exception Symfony\Component\HttpKernel\Exception\NotFoundHttpException: "No route found for "GET /l"" at C:\wamp\www\PC_Direct\vendor\symfony\symfony\src\Symfony\Component\HttpKernel\EventListener\RouterListener.php line 94 [] []
[2013-08-01 13:59:42] request.ERROR: Uncaught PHP Exception Symfony\Component\HttpKernel\Exception\NotFoundHttpException: "No route found for "GET /ol"" at C:\wamp\www\PC_Direct\app\cache\prod\classes.php line 3587 [] []
[2013-08-01 14:00:31] request.ERROR: Uncaught PHP Exception Symfony\Component\HttpKernel\Exception\NotFoundHttpException: "No route found for "GET /ol"" at C:\wamp\www\PC_Direct\vendor\symfony\symfony\src\Symfony\Component\HttpKernel\EventListener\RouterListener.php line 94 [] []
[2013-08-01 14:02:39] request.ERROR: Uncaught PHP Exception Symfony\Component\HttpKernel\Exception\NotFoundHttpException: "No route found for "GET /lol"" at C:\wamp\www\PC_Direct\app\cache\prod\classes.php line 3587 [] []
[2013-08-01 14:11:52] request.ERROR: Uncaught PHP Exception Symfony\Component\HttpKernel\Exception\NotFoundHttpException: "No route found for "GET /lol"" at C:\wamp\www\PC_Direct\vendor\symfony\symfony\src\Symfony\Component\HttpKernel\EventListener\RouterListener.php line 94 [] []
[2013-08-01 14:13:14] request.ERROR: Uncaught PHP Exception Symfony\Component\HttpKernel\Exception\NotFoundHttpException: "No route found for "GET /lol"" at C:\wamp\www\PC_Direct\vendor\symfony\symfony\src\Symfony\Component\HttpKernel\EventListener\RouterListener.php line 94 [] []
[2013-08-01 14:14:46] request.ERROR: Uncaught PHP Exception Symfony\Component\HttpKernel\Exception\NotFoundHttpException: "No route found for "GET /lol"" at C:\wamp\www\PC_Direct\vendor\symfony\symfony\src\Symfony\Component\HttpKernel\EventListener\RouterListener.php line 94 [] []
[2013-08-01 14:15:38] request.ERROR: Uncaught PHP Exception Symfony\Component\HttpKernel\Exception\NotFoundHttpException: "No route found for "GET /lol"" at C:\wamp\www\PC_Direct\vendor\symfony\symfony\src\Symfony\Component\HttpKernel\EventListener\RouterListener.php line 94 [] []
[2013-08-01 14:17:52] request.ERROR: Uncaught PHP Exception Symfony\Component\HttpKernel\Exception\NotFoundHttpException: "No route found for "GET /lol"" at C:\wamp\www\PC_Direct\vendor\symfony\symfony\src\Symfony\Component\HttpKernel\EventListener\RouterListener.php line 94 [] []
[2013-08-01 14:18:41] request.ERROR: Uncaught PHP Exception Symfony\Component\HttpKernel\Exception\NotFoundHttpException: "No route found for "GET /lol"" at C:\wamp\www\PC_Direct\vendor\symfony\symfony\src\Symfony\Component\HttpKernel\EventListener\RouterListener.php line 94 [] []
[2013-08-01 14:20:15] request.ERROR: Uncaught PHP Exception Symfony\Component\HttpKernel\Exception\NotFoundHttpException: "No route found for "GET /lol"" at C:\wamp\www\PC_Direct\vendor\symfony\symfony\src\Symfony\Component\HttpKernel\EventListener\RouterListener.php line 94 [] []
[2013-08-01 14:20:51] request.ERROR: Uncaught PHP Exception Symfony\Component\HttpKernel\Exception\NotFoundHttpException: "No route found for "GET /lol"" at C:\wamp\www\PC_Direct\vendor\symfony\symfony\src\Symfony\Component\HttpKernel\EventListener\RouterListener.php line 94 [] []
[2013-08-01 14:22:04] request.ERROR: Uncaught PHP Exception Symfony\Component\HttpKernel\Exception\NotFoundHttpException: "No route found for "GET /lol"" at C:\wamp\www\PC_Direct\app\cache\prod\classes.php line 3587 [] []
[2013-08-01 14:22:24] request.ERROR: Uncaught PHP Exception Symfony\Component\HttpKernel\Exception\NotFoundHttpException: "No route found for "GET /lol"" at C:\wamp\www\PC_Direct\vendor\symfony\symfony\src\Symfony\Component\HttpKernel\EventListener\RouterListener.php line 94 [] []
[2013-08-01 14:24:44] request.ERROR: Uncaught PHP Exception Symfony\Component\HttpKernel\Exception\NotFoundHttpException: "No route found for "GET /lol"" at C:\wamp\www\PC_Direct\vendor\symfony\symfony\src\Symfony\Component\HttpKernel\EventListener\RouterListener.php line 94 [] []
[2013-08-01 14:25:37] request.ERROR: Uncaught PHP Exception Symfony\Component\HttpKernel\Exception\NotFoundHttpException: "No route found for "GET /lol"" at C:\wamp\www\PC_Direct\vendor\symfony\symfony\src\Symfony\Component\HttpKernel\EventListener\RouterListener.php line 94 [] []
[2013-08-01 14:27:37] request.ERROR: Uncaught PHP Exception Symfony\Component\HttpKernel\Exception\NotFoundHttpException: "No route found for "GET /lol"" at C:\wamp\www\PC_Direct\vendor\symfony\symfony\src\Symfony\Component\HttpKernel\EventListener\RouterListener.php line 94 [] []
[2013-08-01 14:30:11] request.ERROR: Uncaught PHP Exception Symfony\Component\HttpKernel\Exception\NotFoundHttpException: "No route found for "GET /lol"" at C:\wamp\www\PC_Direct\vendor\symfony\symfony\src\Symfony\Component\HttpKernel\EventListener\RouterListener.php line 94 [] []
[2013-08-01 14:33:11] request.ERROR: Uncaught PHP Exception Symfony\Component\HttpKernel\Exception\NotFoundHttpException: "No route found for "GET /lol"" at C:\wamp\www\PC_Direct\vendor\symfony\symfony\src\Symfony\Component\HttpKernel\EventListener\RouterListener.php line 94 [] []
[2013-08-01 14:35:14] request.ERROR: Uncaught PHP Exception Symfony\Component\HttpKernel\Exception\NotFoundHttpException: "No route found for "GET /lol"" at C:\wamp\www\PC_Direct\vendor\symfony\symfony\src\Symfony\Component\HttpKernel\EventListener\RouterListener.php line 94 [] []
[2013-08-01 14:36:10] request.ERROR: Uncaught PHP Exception Symfony\Component\HttpKernel\Exception\NotFoundHttpException: "No route found for "GET /lol"" at C:\wamp\www\PC_Direct\vendor\symfony\symfony\src\Symfony\Component\HttpKernel\EventListener\RouterListener.php line 94 [] []
[2013-08-01 14:51:38] request.ERROR: Uncaught PHP Exception Symfony\Component\HttpKernel\Exception\NotFoundHttpException: "No route found for "GET /lol"" at C:\wamp\www\PC_Direct\vendor\symfony\symfony\src\Symfony\Component\HttpKernel\EventListener\RouterListener.php line 94 [] []
[2013-08-01 14:51:54] request.ERROR: Uncaught PHP Exception Symfony\Component\HttpKernel\Exception\NotFoundHttpException: "No route found for "GET /lol"" at C:\wamp\www\PC_Direct\vendor\symfony\symfony\src\Symfony\Component\HttpKernel\EventListener\RouterListener.php line 94 [] []
[2013-08-01 14:53:34] request.ERROR: Uncaught PHP Exception Symfony\Component\HttpKernel\Exception\NotFoundHttpException: "No route found for "GET /lol"" at C:\wamp\www\PC_Direct\vendor\symfony\symfony\src\Symfony\Component\HttpKernel\EventListener\RouterListener.php line 94 [] []
[2013-08-01 14:55:08] request.ERROR: Uncaught PHP Exception Symfony\Component\HttpKernel\Exception\NotFoundHttpException: "No route found for "GET /lol"" at C:\wamp\www\PC_Direct\vendor\symfony\symfony\src\Symfony\Component\HttpKernel\EventListener\RouterListener.php line 94 [] []
[2013-08-01 14:57:14] request.ERROR: Uncaught PHP Exception Symfony\Component\HttpKernel\Exception\NotFoundHttpException: "No route found for "GET /lol"" at C:\wamp\www\PC_Direct\vendor\symfony\symfony\src\Symfony\Component\HttpKernel\EventListener\RouterListener.php line 94 [] []
[2013-08-01 15:01:35] request.ERROR: Uncaught PHP Exception Symfony\Component\HttpKernel\Exception\NotFoundHttpException: "No route found for "GET /lol"" at C:\wamp\www\PC_Direct\vendor\symfony\symfony\src\Symfony\Component\HttpKernel\EventListener\RouterListener.php line 94 [] []
[2013-08-01 15:02:56] request.ERROR: Uncaught PHP Exception Symfony\Component\HttpKernel\Exception\NotFoundHttpException: "No route found for "GET /lol"" at C:\wamp\www\PC_Direct\vendor\symfony\symfony\src\Symfony\Component\HttpKernel\EventListener\RouterListener.php line 94 [] []
[2013-08-01 15:03:24] request.ERROR: Uncaught PHP Exception Symfony\Component\HttpKernel\Exception\NotFoundHttpException: "No route found for "GET /lol"" at C:\wamp\www\PC_Direct\vendor\symfony\symfony\src\Symfony\Component\HttpKernel\EventListener\RouterListener.php line 94 [] []
[2013-08-01 15:08:46] request.ERROR: Uncaught PHP Exception Symfony\Component\HttpKernel\Exception\NotFoundHttpException: "No route found for "GET /lol"" at C:\wamp\www\PC_Direct\vendor\symfony\symfony\src\Symfony\Component\HttpKernel\EventListener\RouterListener.php line 94 [] []
[2013-08-01 15:11:30] request.ERROR: Uncaught PHP Exception Symfony\Component\HttpKernel\Exception\NotFoundHttpException: "No route found for "GET /lol"" at C:\wamp\www\PC_Direct\vendor\symfony\symfony\src\Symfony\Component\HttpKernel\EventListener\RouterListener.php line 94 [] []
[2013-08-01 16:06:27] request.ERROR: Uncaught PHP Exception Symfony\Component\HttpKernel\Exception\NotFoundHttpException: "No route found for "GET /lol"" at C:\wamp\www\PC_Direct\vendor\symfony\symfony\src\Symfony\Component\HttpKernel\EventListener\RouterListener.php line 94 [] []
[2013-08-01 16:11:01] request.ERROR: Uncaught PHP Exception Symfony\Component\HttpKernel\Exception\NotFoundHttpException: "No route found for "GET /lol"" at C:\wamp\www\PC_Direct\vendor\symfony\symfony\src\Symfony\Component\HttpKernel\EventListener\RouterListener.php line 94 [] []
[2013-08-01 16:14:14] request.ERROR: Uncaught PHP Exception Symfony\Component\HttpKernel\Exception\NotFoundHttpException: "No route found for "GET /lol"" at C:\wamp\www\PC_Direct\vendor\symfony\symfony\src\Symfony\Component\HttpKernel\EventListener\RouterListener.php line 94 [] []
[2013-08-01 16:15:21] request.ERROR: Uncaught PHP Exception Symfony\Component\HttpKernel\Exception\NotFoundHttpException: "No route found for "GET /lol"" at C:\wamp\www\PC_Direct\vendor\symfony\symfony\src\Symfony\Component\HttpKernel\EventListener\RouterListener.php line 94 [] []
[2013-08-01 16:19:13] request.ERROR: Uncaught PHP Exception Symfony\Component\HttpKernel\Exception\NotFoundHttpException: "No route found for "GET /lol"" at C:\wamp\www\PC_Direct\vendor\symfony\symfony\src\Symfony\Component\HttpKernel\EventListener\RouterListener.php line 94 [] []
[2013-08-01 16:24:14] request.ERROR: Uncaught PHP Exception Symfony\Component\HttpKernel\Exception\NotFoundHttpException: "No route found for "GET /lol"" at C:\wamp\www\PC_Direct\vendor\symfony\symfony\src\Symfony\Component\HttpKernel\EventListener\RouterListener.php line 94 [] []
[2013-08-01 16:25:19] request.ERROR: Uncaught PHP Exception Symfony\Component\HttpKernel\Exception\NotFoundHttpException: "No route found for "GET /lol"" at C:\wamp\www\PC_Direct\vendor\symfony\symfony\src\Symfony\Component\HttpKernel\EventListener\RouterListener.php line 94 [] []
[2013-08-01 16:25:53] request.ERROR: Uncaught PHP Exception Symfony\Component\HttpKernel\Exception\NotFoundHttpException: "No route found for "GET /lol"" at C:\wamp\www\PC_Direct\vendor\symfony\symfony\src\Symfony\Component\HttpKernel\EventListener\RouterListener.php line 94 [] []
[2013-08-01 16:27:00] request.ERROR: Uncaught PHP Exception Symfony\Component\HttpKernel\Exception\NotFoundHttpException: "No route found for "GET /lol"" at C:\wamp\www\PC_Direct\vendor\symfony\symfony\src\Symfony\Component\HttpKernel\EventListener\RouterListener.php line 94 [] []
[2013-08-01 16:31:14] request.ERROR: Uncaught PHP Exception Symfony\Component\HttpKernel\Exception\NotFoundHttpException: "No route found for "GET /lol"" at C:\wamp\www\PC_Direct\vendor\symfony\symfony\src\Symfony\Component\HttpKernel\EventListener\RouterListener.php line 94 [] []
[2013-08-01 16:40:54] request.ERROR: Uncaught PHP Exception Symfony\Component\HttpKernel\Exception\NotFoundHttpException: "No route found for "GET /lol"" at C:\wamp\www\PC_Direct\vendor\symfony\symfony\src\Symfony\Component\HttpKernel\EventListener\RouterListener.php line 94 [] []
[2013-08-01 16:53:26] request.ERROR: Uncaught PHP Exception Symfony\Component\HttpKernel\Exception\NotFoundHttpException: "No route found for "GET /lol"" at C:\wamp\www\PC_Direct\vendor\symfony\symfony\src\Symfony\Component\HttpKernel\EventListener\RouterListener.php line 94 [] []
[2013-08-01 16:55:59] request.ERROR: Uncaught PHP Exception Symfony\Component\HttpKernel\Exception\NotFoundHttpException: "No route found for "GET /lol"" at C:\wamp\www\PC_Direct\vendor\symfony\symfony\src\Symfony\Component\HttpKernel\EventListener\RouterListener.php line 94 [] []
[2013-08-01 16:56:55] request.ERROR: Uncaught PHP Exception Symfony\Component\HttpKernel\Exception\NotFoundHttpException: "No route found for "GET /lol"" at C:\wamp\www\PC_Direct\vendor\symfony\symfony\src\Symfony\Component\HttpKernel\EventListener\RouterListener.php line 94 [] []
[2013-08-01 16:57:45] request.ERROR: Uncaught PHP Exception Symfony\Component\HttpKernel\Exception\NotFoundHttpException: "No route found for "GET /lol"" at C:\wamp\www\PC_Direct\vendor\symfony\symfony\src\Symfony\Component\HttpKernel\EventListener\RouterListener.php line 94 [] []
[2013-08-01 16:59:03] request.ERROR: Uncaught PHP Exception Symfony\Component\HttpKernel\Exception\NotFoundHttpException: "No route found for "GET /lol"" at C:\wamp\www\PC_Direct\vendor\symfony\symfony\src\Symfony\Component\HttpKernel\EventListener\RouterListener.php line 94 [] []
[2013-08-01 17:02:44] request.ERROR: Uncaught PHP Exception Symfony\Component\HttpKernel\Exception\NotFoundHttpException: "No route found for "GET /lol"" at C:\wamp\www\PC_Direct\vendor\symfony\symfony\src\Symfony\Component\HttpKernel\EventListener\RouterListener.php line 94 [] []
[2013-08-01 17:03:42] request.ERROR: Uncaught PHP Exception Symfony\Component\HttpKernel\Exception\NotFoundHttpException: "No route found for "GET /lol"" at C:\wamp\www\PC_Direct\vendor\symfony\symfony\src\Symfony\Component\HttpKernel\EventListener\RouterListener.php line 94 [] []
[2013-08-01 17:08:11] request.ERROR: Uncaught PHP Exception Symfony\Component\HttpKernel\Exception\NotFoundHttpException: "No route found for "GET /lol"" at C:\wamp\www\PC_Direct\vendor\symfony\symfony\src\Symfony\Component\HttpKernel\EventListener\RouterListener.php line 94 [] []
[2013-08-01 17:08:44] request.ERROR: Uncaught PHP Exception Symfony\Component\HttpKernel\Exception\NotFoundHttpException: "No route found for "GET /lol"" at C:\wamp\www\PC_Direct\vendor\symfony\symfony\src\Symfony\Component\HttpKernel\EventListener\RouterListener.php line 94 [] []
[2013-08-01 17:10:03] request.ERROR: Uncaught PHP Exception Symfony\Component\HttpKernel\Exception\NotFoundHttpException: "No route found for "GET /lol"" at C:\wamp\www\PC_Direct\vendor\symfony\symfony\src\Symfony\Component\HttpKernel\EventListener\RouterListener.php line 94 [] []
[2013-08-01 17:10:40] request.ERROR: Uncaught PHP Exception Symfony\Component\HttpKernel\Exception\NotFoundHttpException: "No route found for "GET /lol"" at C:\wamp\www\PC_Direct\vendor\symfony\symfony\src\Symfony\Component\HttpKernel\EventListener\RouterListener.php line 94 [] []
[2013-08-01 17:11:45] request.ERROR: Uncaught PHP Exception Symfony\Component\HttpKernel\Exception\NotFoundHttpException: "No route found for "GET /lol"" at C:\wamp\www\PC_Direct\vendor\symfony\symfony\src\Symfony\Component\HttpKernel\EventListener\RouterListener.php line 94 [] []
[2013-08-01 17:13:32] request.ERROR: Uncaught PHP Exception Symfony\Component\HttpKernel\Exception\NotFoundHttpException: "No route found for "GET /lol"" at C:\wamp\www\PC_Direct\vendor\symfony\symfony\src\Symfony\Component\HttpKernel\EventListener\RouterListener.php line 94 [] []
[2013-08-01 17:16:41] request.ERROR: Uncaught PHP Exception Symfony\Component\HttpKernel\Exception\NotFoundHttpException: "No route found for "GET /lol"" at C:\wamp\www\PC_Direct\vendor\symfony\symfony\src\Symfony\Component\HttpKernel\EventListener\RouterListener.php line 94 [] []
[2013-08-01 17:17:57] request.ERROR: Uncaught PHP Exception Symfony\Component\HttpKernel\Exception\NotFoundHttpException: "No route found for "GET /lol"" at C:\wamp\www\PC_Direct\vendor\symfony\symfony\src\Symfony\Component\HttpKernel\EventListener\RouterListener.php line 94 [] []
[2013-08-01 17:18:03] request.ERROR: Uncaught PHP Exception Symfony\Component\HttpKernel\Exception\NotFoundHttpException: "No route found for "GET /lol"" at C:\wamp\www\PC_Direct\app\cache\prod\classes.php line 3587 [] []
[2013-08-01 17:23:25] request.ERROR: Uncaught PHP Exception Symfony\Component\HttpKernel\Exception\NotFoundHttpException: "No route found for "GET /lol"" at C:\wamp\www\PC_Direct\vendor\symfony\symfony\src\Symfony\Component\HttpKernel\EventListener\RouterListener.php line 94 [] []
[2013-08-01 17:27:53] request.ERROR: Uncaught PHP Exception Symfony\Component\HttpKernel\Exception\NotFoundHttpException: "No route found for "GET /lol"" at C:\wamp\www\PC_Direct\vendor\symfony\symfony\src\Symfony\Component\HttpKernel\EventListener\RouterListener.php line 94 [] []
[2013-08-01 17:30:43] request.ERROR: Uncaught PHP Exception Symfony\Component\HttpKernel\Exception\NotFoundHttpException: "No route found for "GET /lol"" at C:\wamp\www\PC_Direct\vendor\symfony\symfony\src\Symfony\Component\HttpKernel\EventListener\RouterListener.php line 94 [] []
[2013-08-01 17:31:14] request.ERROR: Uncaught PHP Exception Symfony\Component\HttpKernel\Exception\NotFoundHttpException: "No route found for "GET /lol"" at C:\wamp\www\PC_Direct\vendor\symfony\symfony\src\Symfony\Component\HttpKernel\EventListener\RouterListener.php line 94 [] []
[2013-08-01 17:37:10] request.ERROR: Uncaught PHP Exception Symfony\Component\HttpKernel\Exception\NotFoundHttpException: "No route found for "GET /lol"" at C:\wamp\www\PC_Direct\vendor\symfony\symfony\src\Symfony\Component\HttpKernel\EventListener\RouterListener.php line 94 [] []
[2013-08-01 17:39:41] request.ERROR: Uncaught PHP Exception Symfony\Component\HttpKernel\Exception\NotFoundHttpException: "No route found for "GET /lol"" at C:\wamp\www\PC_Direct\vendor\symfony\symfony\src\Symfony\Component\HttpKernel\EventListener\RouterListener.php line 94 [] []
[2013-08-01 17:40:32] request.ERROR: Uncaught PHP Exception Symfony\Component\HttpKernel\Exception\NotFoundHttpException: "No route found for "GET /lol"" at C:\wamp\www\PC_Direct\vendor\symfony\symfony\src\Symfony\Component\HttpKernel\EventListener\RouterListener.php line 94 [] []
[2013-08-01 17:41:46] request.ERROR: Uncaught PHP Exception Symfony\Component\HttpKernel\Exception\NotFoundHttpException: "No route found for "GET /lol"" at C:\wamp\www\PC_Direct\vendor\symfony\symfony\src\Symfony\Component\HttpKernel\EventListener\RouterListener.php line 94 [] []
[2013-08-01 17:42:32] request.ERROR: Uncaught PHP Exception Symfony\Component\HttpKernel\Exception\NotFoundHttpException: "No route found for "GET /lol"" at C:\wamp\www\PC_Direct\vendor\symfony\symfony\src\Symfony\Component\HttpKernel\EventListener\RouterListener.php line 94 [] []
[2013-08-01 17:45:29] request.ERROR: Uncaught PHP Exception Symfony\Component\HttpKernel\Exception\NotFoundHttpException: "No route found for "GET /lol"" at C:\wamp\www\PC_Direct\vendor\symfony\symfony\src\Symfony\Component\HttpKernel\EventListener\RouterListener.php line 94 [] []
[2013-08-01 17:45:57] request.ERROR: Uncaught PHP Exception Symfony\Component\HttpKernel\Exception\NotFoundHttpException: "No route found for "GET /lol"" at C:\wamp\www\PC_Direct\vendor\symfony\symfony\src\Symfony\Component\HttpKernel\EventListener\RouterListener.php line 94 [] []
[2013-08-01 17:46:37] request.ERROR: Uncaught PHP Exception Symfony\Component\HttpKernel\Exception\NotFoundHttpException: "No route found for "GET /lol"" at C:\wamp\www\PC_Direct\vendor\symfony\symfony\src\Symfony\Component\HttpKernel\EventListener\RouterListener.php line 94 [] []
[2013-08-01 17:47:33] request.ERROR: Uncaught PHP Exception Symfony\Component\HttpKernel\Exception\NotFoundHttpException: "No route found for "GET /lol"" at C:\wamp\www\PC_Direct\vendor\symfony\symfony\src\Symfony\Component\HttpKernel\EventListener\RouterListener.php line 94 [] []
[2013-08-01 17:49:34] request.ERROR: Uncaught PHP Exception Symfony\Component\HttpKernel\Exception\NotFoundHttpException: "No route found for "GET /lol"" at C:\wamp\www\PC_Direct\vendor\symfony\symfony\src\Symfony\Component\HttpKernel\EventListener\RouterListener.php line 94 [] []
[2013-08-01 17:50:02] request.ERROR: Uncaught PHP Exception Symfony\Component\HttpKernel\Exception\NotFoundHttpException: "No route found for "GET /lol"" at C:\wamp\www\PC_Direct\vendor\symfony\symfony\src\Symfony\Component\HttpKernel\EventListener\RouterListener.php line 94 [] []
[2013-08-01 17:53:38] request.ERROR: Uncaught PHP Exception Symfony\Component\HttpKernel\Exception\NotFoundHttpException: "No route found for "GET /lol"" at C:\wamp\www\PC_Direct\vendor\symfony\symfony\src\Symfony\Component\HttpKernel\EventListener\RouterListener.php line 94 [] []
[2013-08-01 17:54:22] request.ERROR: Uncaught PHP Exception Symfony\Component\HttpKernel\Exception\NotFoundHttpException: "No route found for "GET /lol"" at C:\wamp\www\PC_Direct\vendor\symfony\symfony\src\Symfony\Component\HttpKernel\EventListener\RouterListener.php line 94 [] []
[2013-08-01 17:54:54] request.ERROR: Uncaught PHP Exception Symfony\Component\HttpKernel\Exception\NotFoundHttpException: "No route found for "GET /lol"" at C:\wamp\www\PC_Direct\vendor\symfony\symfony\src\Symfony\Component\HttpKernel\EventListener\RouterListener.php line 94 [] []
[2013-08-01 17:56:03] request.ERROR: Uncaught PHP Exception Symfony\Component\HttpKernel\Exception\NotFoundHttpException: "No route found for "GET /lol"" at C:\wamp\www\PC_Direct\vendor\symfony\symfony\src\Symfony\Component\HttpKernel\EventListener\RouterListener.php line 94 [] []
[2013-08-01 17:56:49] request.ERROR: Uncaught PHP Exception Symfony\Component\HttpKernel\Exception\NotFoundHttpException: "No route found for "GET /lol"" at C:\wamp\www\PC_Direct\vendor\symfony\symfony\src\Symfony\Component\HttpKernel\EventListener\RouterListener.php line 94 [] []
[2013-08-01 17:57:41] request.ERROR: Uncaught PHP Exception Symfony\Component\HttpKernel\Exception\NotFoundHttpException: "No route found for "GET /lol"" at C:\wamp\www\PC_Direct\vendor\symfony\symfony\src\Symfony\Component\HttpKernel\EventListener\RouterListener.php line 94 [] []
[2013-08-01 17:58:06] request.ERROR: Uncaught PHP Exception Symfony\Component\HttpKernel\Exception\NotFoundHttpException: "No route found for "GET /lol"" at C:\wamp\www\PC_Direct\vendor\symfony\symfony\src\Symfony\Component\HttpKernel\EventListener\RouterListener.php line 94 [] []
[2013-08-02 08:13:35] request.ERROR: Uncaught PHP Exception Symfony\Component\HttpKernel\Exception\NotFoundHttpException: "No route found for "GET /lol"" at C:\wamp\www\PC_Direct\app\cache\prod\classes.php line 3587 [] []
[2013-08-02 08:18:30] request.ERROR: Uncaught PHP Exception Symfony\Component\HttpKernel\Exception\NotFoundHttpException: "No route found for "GET /lol"" at C:\wamp\www\PC_Direct\vendor\symfony\symfony\src\Symfony\Component\HttpKernel\EventListener\RouterListener.php line 94 [] []
[2013-08-02 08:19:38] request.ERROR: Uncaught PHP Exception Symfony\Component\HttpKernel\Exception\NotFoundHttpException: "No route found for "GET /lol"" at C:\wamp\www\PC_Direct\vendor\symfony\symfony\src\Symfony\Component\HttpKernel\EventListener\RouterListener.php line 94 [] []
[2013-08-02 08:21:43] request.ERROR: Uncaught PHP Exception Symfony\Component\HttpKernel\Exception\NotFoundHttpException: "No route found for "GET /lol"" at C:\wamp\www\PC_Direct\vendor\symfony\symfony\src\Symfony\Component\HttpKernel\EventListener\RouterListener.php line 94 [] []
[2013-08-02 08:24:03] request.ERROR: Uncaught PHP Exception Symfony\Component\HttpKernel\Exception\NotFoundHttpException: "No route found for "GET /lol"" at C:\wamp\www\PC_Direct\vendor\symfony\symfony\src\Symfony\Component\HttpKernel\EventListener\RouterListener.php line 94 [] []
[2013-08-02 08:25:00] request.ERROR: Uncaught PHP Exception Symfony\Component\HttpKernel\Exception\NotFoundHttpException: "No route found for "GET /lol"" at C:\wamp\www\PC_Direct\vendor\symfony\symfony\src\Symfony\Component\HttpKernel\EventListener\RouterListener.php line 94 [] []
[2013-08-02 08:26:02] request.ERROR: Uncaught PHP Exception Symfony\Component\HttpKernel\Exception\NotFoundHttpException: "No route found for "GET /lol"" at C:\wamp\www\PC_Direct\vendor\symfony\symfony\src\Symfony\Component\HttpKernel\EventListener\RouterListener.php line 94 [] []
[2013-08-02 08:27:56] request.ERROR: Uncaught PHP Exception Symfony\Component\HttpKernel\Exception\NotFoundHttpException: "No route found for "GET /lol"" at C:\wamp\www\PC_Direct\vendor\symfony\symfony\src\Symfony\Component\HttpKernel\EventListener\RouterListener.php line 94 [] []
[2013-08-02 08:28:57] request.ERROR: Uncaught PHP Exception Symfony\Component\HttpKernel\Exception\NotFoundHttpException: "No route found for "GET /lol"" at C:\wamp\www\PC_Direct\vendor\symfony\symfony\src\Symfony\Component\HttpKernel\EventListener\RouterListener.php line 94 [] []
[2013-08-02 08:29:02] request.ERROR: Uncaught PHP Exception Symfony\Component\HttpKernel\Exception\NotFoundHttpException: "No route found for "GET /lol"" at C:\wamp\www\PC_Direct\app\cache\prod\classes.php line 3587 [] []
[2013-08-02 08:29:18] request.ERROR: Uncaught PHP Exception Symfony\Component\HttpKernel\Exception\NotFoundHttpException: "No route found for "GET /lol"" at C:\wamp\www\PC_Direct\vendor\symfony\symfony\src\Symfony\Component\HttpKernel\EventListener\RouterListener.php line 94 [] []
[2013-08-02 08:29:57] request.ERROR: Uncaught PHP Exception Symfony\Component\HttpKernel\Exception\NotFoundHttpException: "No route found for "GET /lol"" at C:\wamp\www\PC_Direct\vendor\symfony\symfony\src\Symfony\Component\HttpKernel\EventListener\RouterListener.php line 94 [] []
[2013-08-02 08:31:34] request.ERROR: Uncaught PHP Exception Symfony\Component\HttpKernel\Exception\NotFoundHttpException: "No route found for "GET /lol"" at C:\wamp\www\PC_Direct\vendor\symfony\symfony\src\Symfony\Component\HttpKernel\EventListener\RouterListener.php line 94 [] []
[2013-08-02 08:32:08] request.ERROR: Uncaught PHP Exception Symfony\Component\HttpKernel\Exception\NotFoundHttpException: "No route found for "GET /lol"" at C:\wamp\www\PC_Direct\vendor\symfony\symfony\src\Symfony\Component\HttpKernel\EventListener\RouterListener.php line 94 [] []
[2013-08-02 08:35:13] request.ERROR: Uncaught PHP Exception Symfony\Component\HttpKernel\Exception\NotFoundHttpException: "No route found for "GET /lol"" at C:\wamp\www\PC_Direct\vendor\symfony\symfony\src\Symfony\Component\HttpKernel\EventListener\RouterListener.php line 94 [] []
[2013-08-02 08:35:48] request.ERROR: Uncaught PHP Exception Symfony\Component\HttpKernel\Exception\NotFoundHttpException: "No route found for "GET /lol"" at C:\wamp\www\PC_Direct\vendor\symfony\symfony\src\Symfony\Component\HttpKernel\EventListener\RouterListener.php line 94 [] []
[2013-08-02 08:36:54] request.ERROR: Uncaught PHP Exception Symfony\Component\HttpKernel\Exception\NotFoundHttpException: "No route found for "GET /lol"" at C:\wamp\www\PC_Direct\vendor\symfony\symfony\src\Symfony\Component\HttpKernel\EventListener\RouterListener.php line 94 [] []
[2013-08-02 08:38:33] request.ERROR: Uncaught PHP Exception Symfony\Component\HttpKernel\Exception\NotFoundHttpException: "No route found for "GET /lol"" at C:\wamp\www\PC_Direct\vendor\symfony\symfony\src\Symfony\Component\HttpKernel\EventListener\RouterListener.php line 94 [] []
[2013-08-02 08:39:57] request.ERROR: Uncaught PHP Exception Symfony\Component\HttpKernel\Exception\NotFoundHttpException: "No route found for "GET /lol"" at C:\wamp\www\PC_Direct\vendor\symfony\symfony\src\Symfony\Component\HttpKernel\EventListener\RouterListener.php line 94 [] []
[2013-08-02 08:40:49] request.ERROR: Uncaught PHP Exception Symfony\Component\HttpKernel\Exception\NotFoundHttpException: "No route found for "GET /lol"" at C:\wamp\www\PC_Direct\vendor\symfony\symfony\src\Symfony\Component\HttpKernel\EventListener\RouterListener.php line 94 [] []
[2013-08-02 08:41:15] request.ERROR: Uncaught PHP Exception Symfony\Component\HttpKernel\Exception\NotFoundHttpException: "No route found for "GET /lol"" at C:\wamp\www\PC_Direct\app\cache\prod\classes.php line 3587 [] []
[2013-08-02 08:41:22] request.ERROR: Uncaught PHP Exception Symfony\Component\HttpKernel\Exception\NotFoundHttpException: "No route found for "GET /lol"" at C:\wamp\www\PC_Direct\vendor\symfony\symfony\src\Symfony\Component\HttpKernel\EventListener\RouterListener.php line 94 [] []
[2013-08-02 08:41:43] request.ERROR: Uncaught PHP Exception Symfony\Component\HttpKernel\Exception\NotFoundHttpException: "No route found for "GET /lol"" at C:\wamp\www\PC_Direct\vendor\symfony\symfony\src\Symfony\Component\HttpKernel\EventListener\RouterListener.php line 94 [] []
[2013-08-02 08:47:56] request.ERROR: Uncaught PHP Exception Symfony\Component\HttpKernel\Exception\NotFoundHttpException: "No route found for "GET /lol"" at C:\wamp\www\PC_Direct\vendor\symfony\symfony\src\Symfony\Component\HttpKernel\EventListener\RouterListener.php line 94 [] []
[2013-08-02 13:03:16] request.ERROR: Uncaught PHP Exception Symfony\Component\HttpKernel\Exception\NotFoundHttpException: "No route found for "GET /contacto"" at C:\wamp\www\PC_Direct\app\cache\prod\classes.php line 3587 [] []
[2013-08-02 13:09:13] request.ERROR: Uncaught PHP Exception Symfony\Component\HttpKernel\Exception\NotFoundHttpException: "No route found for "GET /ol"" at C:\wamp\www\PC_Direct\app\cache\prod\classes.php line 3587 [] []
[2013-08-05 18:15:11] request.ERROR: Uncaught PHP Exception Symfony\Component\HttpKernel\Exception\NotFoundHttpException: "No route found for "GET /ll"" at C:\wamp\www\PC_Direct\app\cache\prod\classes.php line 3587 [] []
[2013-08-08 00:45:18] request.ERROR: Uncaught PHP Exception Symfony\Component\HttpKernel\Exception\NotFoundHttpException: "No route found for "GET /hjyuj"" at C:\wamp\www\PC_Direct\app\cache\prod\classes.php line 3587 [] []
